-------------------------------------------------------------------------------
Test set: org.seasar.sastruts.example.service.InvoiceServiceTest
-------------------------------------------------------------------------------
Tests run: 45, Failures: 3, Errors: 0, Skipped: 0, Time elapsed: 1.403 sec <<< FAILURE!
testApproveRejectedInvoice(org.seasar.sastruts.example.service.InvoiceServiceTest)  Time elapsed: 0.028 sec  <<< FAILURE!
java.lang.AssertionError: Expected exception: java.lang.IllegalStateException
	at org.seasar.framework.unit.S2TestMethodRunner.executeMethod(S2TestMethodRunner.java:649)
	at org.seasar.framework.unit.S2TestMethodRunner.runTest(S2TestMethodRunner.java:612)
	at org.seasar.framework.unit.S2TestMethodRunner.runMethod(S2TestMethodRunner.java:250)
	at org.seasar.framework.unit.S2TestMethodRunner.run(S2TestMethodRunner.java:166)
	at org.seasar.framework.unit.S2TestClassMethodsRunner.invokeTestMethod(S2TestClassMethodsRunner.java:227)
	at org.seasar.framework.unit.S2TestClassMethodsRunner.run(S2TestClassMethodsRunner.java:89)
	at org.seasar.framework.unit.S2TestClassRunner.run(S2TestClassRunner.java:67)
	at org.seasar.framework.unit.Seasar2.run(Seasar2.java:179)
	at org.apache.maven.surefire.junit4.JUnit4Provider.execute(JUnit4Provider.java:252)
	at org.apache.maven.surefire.junit4.JUnit4Provider.executeTestSet(JUnit4Provider.java:141)
	at org.apache.maven.surefire.junit4.JUnit4Provider.invoke(JUnit4Provider.java:112)
	at sun.reflect.NativeMethodAccessorImpl.invoke0(Native Method)
	at sun.reflect.NativeMethodAccessorImpl.invoke(NativeMethodAccessorImpl.java:62)
	at sun.reflect.DelegatingMethodAccessorImpl.invoke(DelegatingMethodAccessorImpl.java:43)
	at java.lang.reflect.Method.invoke(Method.java:498)
	at org.apache.maven.surefire.util.ReflectionUtils.invokeMethodWithArray(ReflectionUtils.java:189)
	at org.apache.maven.surefire.booter.ProviderFactory$ProviderProxy.invoke(ProviderFactory.java:165)
	at org.apache.maven.surefire.booter.ProviderFactory.invokeProvider(ProviderFactory.java:85)
	at org.apache.maven.surefire.booter.ForkedBooter.runSuitesInProcess(ForkedBooter.java:115)
	at org.apache.maven.surefire.booter.ForkedBooter.main(ForkedBooter.java:75)

testApproveAlreadyApprovedInvoice(org.seasar.sastruts.example.service.InvoiceServiceTest)  Time elapsed: 0.032 sec  <<< FAILURE!
java.lang.AssertionError: Expected exception: java.lang.IllegalStateException
	at org.seasar.framework.unit.S2TestMethodRunner.executeMethod(S2TestMethodRunner.java:649)
	at org.seasar.framework.unit.S2TestMethodRunner.runTest(S2TestMethodRunner.java:612)
	at org.seasar.framework.unit.S2TestMethodRunner.runMethod(S2TestMethodRunner.java:250)
	at org.seasar.framework.unit.S2TestMethodRunner.run(S2TestMethodRunner.java:166)
	at org.seasar.framework.unit.S2TestClassMethodsRunner.invokeTestMethod(S2TestClassMethodsRunner.java:227)
	at org.seasar.framework.unit.S2TestClassMethodsRunner.run(S2TestClassMethodsRunner.java:89)
	at org.seasar.framework.unit.S2TestClassRunner.run(S2TestClassRunner.java:67)
	at org.seasar.framework.unit.Seasar2.run(Seasar2.java:179)
	at org.apache.maven.surefire.junit4.JUnit4Provider.execute(JUnit4Provider.java:252)
	at org.apache.maven.surefire.junit4.JUnit4Provider.executeTestSet(JUnit4Provider.java:141)
	at org.apache.maven.surefire.junit4.JUnit4Provider.invoke(JUnit4Provider.java:112)
	at sun.reflect.NativeMethodAccessorImpl.invoke0(Native Method)
	at sun.reflect.NativeMethodAccessorImpl.invoke(NativeMethodAccessorImpl.java:62)
	at sun.reflect.DelegatingMethodAccessorImpl.invoke(DelegatingMethodAccessorImpl.java:43)
	at java.lang.reflect.Method.invoke(Method.java:498)
	at org.apache.maven.surefire.util.ReflectionUtils.invokeMethodWithArray(ReflectionUtils.java:189)
	at org.apache.maven.surefire.booter.ProviderFactory$ProviderProxy.invoke(ProviderFactory.java:165)
	at org.apache.maven.surefire.booter.ProviderFactory.invokeProvider(ProviderFactory.java:85)
	at org.apache.maven.surefire.booter.ForkedBooter.runSuitesInProcess(ForkedBooter.java:115)
	at org.apache.maven.surefire.booter.ForkedBooter.main(ForkedBooter.java:75)

testApproveFailureDoesNotChangeStatus(org.seasar.sastruts.example.service.InvoiceServiceTest)  Time elapsed: 0.025 sec  <<< FAILURE!
java.lang.AssertionError: Expected IllegalStateException.
	at org.junit.Assert.fail(Assert.java:74)
	at org.seasar.sastruts.example.service.InvoiceServiceTest.testApproveFailureDoesNotChangeStatus(InvoiceServiceTest.java:170)
	at sun.reflect.NativeMethodAccessorImpl.invoke0(Native Method)
	at sun.reflect.NativeMethodAccessorImpl.invoke(NativeMethodAccessorImpl.java:62)
	at sun.reflect.DelegatingMethodAccessorImpl.invoke(DelegatingMethodAccessorImpl.java:43)
	at java.lang.reflect.Method.invoke(Method.java:498)
	at org.seasar.framework.unit.S2TestMethodRunner.executeMethodBody(S2TestMethodRunner.java:672)
	at org.seasar.framework.unit.S2TestMethodRunner.executeMethod(S2TestMethodRunner.java:647)
	at org.seasar.framework.unit.S2TestMethodRunner.runTest(S2TestMethodRunner.java:612)
	at org.seasar.framework.unit.S2TestMethodRunner.runMethod(S2TestMethodRunner.java:250)
	at org.seasar.framework.unit.S2TestMethodRunner.run(S2TestMethodRunner.java:166)
	at org.seasar.framework.unit.S2TestClassMethodsRunner.invokeTestMethod(S2TestClassMethodsRunner.java:227)
	at org.seasar.framework.unit.S2TestClassMethodsRunner.run(S2TestClassMethodsRunner.java:89)
	at org.seasar.framework.unit.S2TestClassRunner.run(S2TestClassRunner.java:67)
	at org.seasar.framework.unit.Seasar2.run(Seasar2.java:179)
	at org.apache.maven.surefire.junit4.JUnit4Provider.execute(JUnit4Provider.java:252)
	at org.apache.maven.surefire.junit4.JUnit4Provider.executeTestSet(JUnit4Provider.java:141)
	at org.apache.maven.surefire.junit4.JUnit4Provider.invoke(JUnit4Provider.java:112)
	at sun.reflect.NativeMethodAccessorImpl.invoke0(Native Method)
	at sun.reflect.NativeMethodAccessorImpl.invoke(NativeMethodAccessorImpl.java:62)
	at sun.reflect.DelegatingMethodAccessorImpl.invoke(DelegatingMethodAccessorImpl.java:43)
	at java.lang.reflect.Method.invoke(Method.java:498)
	at org.apache.maven.surefire.util.ReflectionUtils.invokeMethodWithArray(ReflectionUtils.java:189)
	at org.apache.maven.surefire.booter.ProviderFactory$ProviderProxy.invoke(ProviderFactory.java:165)
	at org.apache.maven.surefire.booter.ProviderFactory.invokeProvider(ProviderFactory.java:85)
	at org.apache.maven.surefire.booter.ForkedBooter.runSuitesInProcess(ForkedBooter.java:115)
	at org.apache.maven.surefire.booter.ForkedBooter.main(ForkedBooter.java:75)

