-------------------------------------------------------------------------------
Test set: org.seasar.sastruts.example.service.InvoiceWorkflowLogicTest
-------------------------------------------------------------------------------
Tests run: 6, Failures: 1, Errors: 0, Skipped: 0, Time elapsed: 0.083 sec <<< FAILURE!
testApproveRejectedInvoice(org.seasar.sastruts.example.service.InvoiceWorkflowLogicTest)  Time elapsed: 0.012 sec  <<< FAILURE!
java.lang.AssertionError: Expected exception: java.lang.IllegalStateException
	at org.seasar.framework.unit.S2TestMethodRunner.executeMethod(S2TestMethodRunner.java:649)
	at org.seasar.framework.unit.S2TestMethodRunner.runTest(S2TestMethodRunner.java:612)
	at org.seasar.framework.unit.S2TestMethodRunner.runMethod(S2TestMethodRunner.java:250)
	at org.seasar.framework.unit.S2TestMethodRunner.run(S2TestMethodRunner.java:166)
	at org.seasar.framework.unit.S2TestClassMethodsRunner.invokeTestMethod(S2TestClassMethodsRunner.java:227)
	at org.seasar.framework.unit.S2TestClassMethodsRunner.run(S2TestClassMethodsRunner.java:89)
	at org.seasar.framework.unit.S2TestClassRunner.run(S2TestClassRunner.java:67)
	at org.seasar.framework.unit.Seasar2.run(Seasar2.java:179)
	at org.apache.maven.surefire.junit4.JUnit4Provider.execute(JUnit4Provider.java:252)
	at org.apache.maven.surefire.junit4.JUnit4Provider.executeTestSet(JUnit4Provider.java:141)
	at org.apache.maven.surefire.junit4.JUnit4Provider.invoke(JUnit4Provider.java:112)
	at sun.reflect.NativeMethodAccessorImpl.invoke0(Native Method)
	at sun.reflect.NativeMethodAccessorImpl.invoke(NativeMethodAccessorImpl.java:62)
	at sun.reflect.DelegatingMethodAccessorImpl.invoke(DelegatingMethodAccessorImpl.java:43)
	at java.lang.reflect.Method.invoke(Method.java:498)
	at org.apache.maven.surefire.util.ReflectionUtils.invokeMethodWithArray(ReflectionUtils.java:189)
	at org.apache.maven.surefire.booter.ProviderFactory$ProviderProxy.invoke(ProviderFactory.java:165)
	at org.apache.maven.surefire.booter.ProviderFactory.invokeProvider(ProviderFactory.java:85)
	at org.apache.maven.surefire.booter.ForkedBooter.runSuitesInProcess(ForkedBooter.java:115)
	at org.apache.maven.surefire.booter.ForkedBooter.main(ForkedBooter.java:75)

