<?xml version="1.0" encoding="UTF-8" ?>
<testsuite tests="6" failures="1" name="org.seasar.sastruts.example.service.InvoiceWorkflowLogicTest" time="0.083" errors="0" skipped="0">
  <properties>
[...]
</properties>
  <testcase classname="org.seasar.sastruts.example.service.InvoiceWorkflowLogicTest" name="testRejectApprovedInvoice" time="0.017"/>
  <testcase classname="org.seasar.sastruts.example.service.InvoiceWorkflowLogicTest" name="testRejectUnapprovedInvoice" time="0"/>
  <testcase classname="org.seasar.sastruts.example.service.InvoiceWorkflowLogicTest" name="testApproveUnapprovedInvoice" time="0.024"/>
  <testcase classname="org.seasar.sastruts.example.service.InvoiceWorkflowLogicTest" name="testApproveRejectedInvoice" time="0.012">
    <failure message="Expected exception: java.lang.IllegalStateException" type="java.lang.AssertionError">java.lang.AssertionError: Expected exception: java.lang.IllegalStateException
	at org.seasar.framework.unit.S2TestMethodRunner.executeMethod(S2TestMethodRunner.java:649)
	at org.seasar.framework.unit.S2TestMethodRunner.runTest(S2TestMethodRunner.java:612)
	at org.seasar.framework.unit.S2TestMethodRunner.runMethod(S2TestMethodRunner.java:250)
	at org.seasar.framework.unit.S2TestMethodRunner.run(S2TestMethodRunner.java:166)
	at org.seasar.framework.unit.S2TestClassMethodsRunner.invokeTestMethod(S2TestClassMethodsRunner.java:227)
	at org.seasar.framework.unit.S2TestClassMethodsRunner.run(S2TestClassMethodsRunner.java:89)
	at org.seasar.framework.unit.S2TestClassRunner.run(S2TestClassRunner.java:67)
	at org.seasar.framework.unit.Seasar2.run(Seasar2.java:179)
	at org.apache.maven.surefire.junit4.JUnit4Provider.execute(JUnit4Provider.java:252)
	at org.apache.maven.surefire.junit4.JUnit4Provider.executeTestSet(JUnit4Provider.java:141)
	at org.apache.maven.surefire.junit4.JUnit4Provider.invoke(JUnit4Provider.java:112)
	at sun.reflect.NativeMethodAccessorImpl.invoke0(Native Method)
	at sun.reflect.NativeMethodAccessorImpl.invoke(NativeMethodAccessorImpl.java:62)
	at sun.reflect.DelegatingMethodAccessorImpl.invoke(DelegatingMethodAccessorImpl.java:43)
	at java.lang.reflect.Method.invoke(Method.java:498)
	at org.apache.maven.surefire.util.ReflectionUtils.invokeMethodWithArray(ReflectionUtils.java:189)
	at org.apache.maven.surefire.booter.ProviderFactory$ProviderProxy.invoke(ProviderFactory.java:165)
	at org.apache.maven.surefire.booter.ProviderFactory.invokeProvider(ProviderFactory.java:85)
	at org.apache.maven.surefire.booter.ForkedBooter.runSuitesInProcess(ForkedBooter.java:115)
	at org.apache.maven.surefire.booter.ForkedBooter.main(ForkedBooter.java:75)
</failure>
    <system-out>DEBUG 2026-05-31 10:51:46,199 [main] 環境変数#Envにファイル(env.txt)から値(ct)が設定されました
DEBUG 2026-05-31 10:51:46,199 [main] 環境変数#Envにファイル(env_ut.txt)から値(ut)が設定されました
DEBUG 2026-05-31 10:51:46,199 [main] S2Containerを作成します。path=warmdeploy.dicon
DEBUG 2026-05-31 10:51:46,199 [main] S2Containerを作成します。path=convention.dicon
DEBUG 2026-05-31 10:51:46,199 [main] S2Containerを作成しました。path=convention.dicon
DEBUG 2026-05-31 10:51:46,199 [main] S2Containerを作成します。path=customizer.dicon
DEBUG 2026-05-31 10:51:46,199 [main] S2Containerを作成します。path=default-customizer.dicon
DEBUG 2026-05-31 10:51:46,199 [main] S2Containerを作成します。path=std-customizer.dicon
DEBUG 2026-05-31 10:51:46,207 [main] S2Containerを作成します。path=std-customizer-tiger.dicon
DEBUG 2026-05-31 10:51:46,207 [main] S2Containerを作成しました。path=std-customizer-tiger.dicon
DEBUG 2026-05-31 10:51:46,208 [main] S2Containerを作成しました。path=std-customizer.dicon
DEBUG 2026-05-31 10:51:46,208 [main] S2Containerを作成しました。path=default-customizer.dicon
DEBUG 2026-05-31 10:51:46,208 [main] S2Containerを作成しました。path=customizer.dicon
DEBUG 2026-05-31 10:51:46,208 [main] S2Containerを作成します。path=creator.dicon
DEBUG 2026-05-31 10:51:46,208 [main] S2Containerを作成しました。path=creator.dicon
DEBUG 2026-05-31 10:51:46,209 [main] S2Containerを作成しました。path=warmdeploy.dicon
DEBUG 2026-05-31 10:51:46,209 [main] S2Containerを作成します。path=s2junit4.dicon
DEBUG 2026-05-31 10:51:46,210 [main] S2Containerを作成しました。path=s2junit4.dicon
DEBUG 2026-05-31 10:51:46,211 [main] 設定ファイル(app.dicon)をインクルードします
DEBUG 2026-05-31 10:51:46,211 [main] S2Containerを作成します。path=app.dicon
DEBUG 2026-05-31 10:51:46,211 [main] S2Containerを作成します。path=convention.dicon
DEBUG 2026-05-31 10:51:46,211 [main] S2Containerを作成しました。path=convention.dicon
DEBUG 2026-05-31 10:51:46,211 [main] S2Containerを作成します。path=aop.dicon
DEBUG 2026-05-31 10:51:46,211 [main] S2Containerを作成しました。path=aop.dicon
DEBUG 2026-05-31 10:51:46,211 [main] S2Containerを作成します。path=j2ee.dicon
DEBUG 2026-05-31 10:51:46,211 [main] S2Containerを作成します。path=jta.dicon
DEBUG 2026-05-31 10:51:46,211 [main] S2Containerを作成しました。path=jta.dicon
DEBUG 2026-05-31 10:51:46,211 [main] S2Containerを作成します。path=jdbc.dicon
DEBUG 2026-05-31 10:51:46,211 [main] S2Containerを作成しました。path=jdbc.dicon
DEBUG 2026-05-31 10:51:46,211 [main] S2Containerを作成しました。path=j2ee.dicon
DEBUG 2026-05-31 10:51:46,211 [main] S2Containerを作成します。path=s2jdbc.dicon
DEBUG 2026-05-31 10:51:46,211 [main] S2Containerを作成します。path=s2jdbc-internal.dicon
DEBUG 2026-05-31 10:51:46,211 [main] S2Containerを作成しました。path=s2jdbc-internal.dicon
DEBUG 2026-05-31 10:51:46,211 [main] S2Containerを作成しました。path=s2jdbc.dicon
DEBUG 2026-05-31 10:51:46,211 [main] S2Containerを作成しました。path=app.dicon
DEBUG 2026-05-31 10:51:46,211 [main] トランザクションを開始しました。tx=[FormatId=4360, GlobalId=1780192304490/107, BranchId=]
</system-out>
  </testcase>
  <testcase classname="org.seasar.sastruts.example.service.InvoiceWorkflowLogicTest" name="testConfirmPaymentApprovedInvoice" time="0.014"/>
  <testcase classname="org.seasar.sastruts.example.service.InvoiceWorkflowLogicTest" name="testConfirmPaymentUnapprovedInvoice" time="0.016"/>
</testsuite>